#
# A fatal error has been detected by the Java Runtime Environment:
#
#  EXCEPTION_ACCESS_VIOLATION (0xc0000005) at pc=0x024768dd, pid=3648, tid=2676
#
# JRE version: 7.0_05-b05
# Java VM: Java HotSpot(TM) Client VM (23.1-b03 mixed mode, sharing windows-x86 )
# Problematic frame:
# v  ~BufferBlob::jni_fast_GetLongField
#
# Failed to write core dump. Minidumps are not enabled by default on client versions of Windows
#
# If you would like to submit a bug report, please visit:
#   http://bugreport.sun.com/bugreport/crash.jsp
# The crash happened outside the Java Virtual Machine in native code.
# See problematic frame for where to report the bug.
#

---------------  T H R E A D  ---------------

Current thread (0x00aab000):  JavaThread "main" [_thread_in_native, id=2676, stack(0x009a0000,0x009f0000)]

siginfo: ExceptionCode=0xc0000005, reading address 0x00000000

Registers:
EAX=0x00000000, EBX=0x348d7608, ECX=0x00000002, EDX=0x00000000
ESP=0x009eeba8, EBP=0x009eebe4, ESI=0x00000042, EDI=0x00aab000
EIP=0x024768dd, EFLAGS=0x00010246

Top of Stack: (sp=0x009eeba8)
0x009eeba8:   348d7600 6d12c17c 00aab128 00000000
0x009eebb8:   00000042 b1f05b03 00aab000 348d7600
0x009eebc8:   348d7608 009eebbc 009ee5d0 009eeed4
0x009eebd8:   6d21b3ae dc46c76f 00000000 009eebfc
0x009eebe8:   05071830 00aab128 00000000 00000042
0x009eebf8:   00aab128 009eec58 05081851 00000000
0x009eec08:   00000042 009eecb4 009eecb4 00000000
0x009eec18:   024329c8 00000000 022dab9c 009eecb4 

Instructions: (pc=0x024768dd)
0x024768bd:   00 00 00 56 8b 0d 60 c8 2b 6d f6 c1 01 0f 85 32
0x024768cd:   00 00 00 8b c1 83 e0 01 8b 54 04 0c 8b 74 24 10
0x024768dd:   8b 12 c1 ee 02 8b 04 32 8b 54 32 04 be 60 c8 2b
0x024768ed:   6d 33 f2 33 f0 33 f2 33 f0 3b 0e 0f 85 04 00 00 


Register to memory mapping:

EAX=0x00000000 is an unknown value
EBX=0x348d7608 is an oop
{method} 
 - klass: {other class}
ECX=0x00000002 is an unknown value
EDX=0x00000000 is an unknown value
ESP=0x009eeba8 is pointing into the stack for thread: 0x00aab000
EBP=0x009eebe4 is pointing into the stack for thread: 0x00aab000
ESI=0x00000042 is an unknown value
EDI=0x00aab000 is a thread


Stack: [0x009a0000,0x009f0000],  sp=0x009eeba8,  free space=314k
Native frames: (J=compiled Java code, j=interpreted, Vv=VM code, C=native code)
v  ~BufferBlob::jni_fast_GetLongField
C  [JCfiOrbit.dll+0x1830]  JNIEnv_::GetLongField+0x20
C  [JCfiOrbit.dll+0x11851]  Java_EECFI_ANXTime_orbitToTime+0x81
j  EECFI.ANXTime.orbitToTime(J)D+0
j  net.eads.astrium.dream.eocfihandler.dreameocfihandler.SwathDef.calculateGndStationVis(JJ)Lnet/eads/astrium/dream/util/structures/tasking/SegmentVisGS;+97
j  net.eads.astrium.dream.eocfihandler.dreameocfihandler.EoCfiHandler.getNextStationDownlink(Ljava/util/Date;)Lnet/eads/astrium/dream/util/structures/tasking/SegmentVisGS;+202
j  net.eads.astrium.dream.eocfihandler.dreameocfihandler.FeasibilityTest.testCFIHndlCall(Ljava/lang/String;)V+610
j  net.eads.astrium.dream.eocfihandler.dreameocfihandler.FeasibilityTest.test()V+234
v  ~StubRoutines::call_stub
V  [jvm.dll+0x12964a]
V  [jvm.dll+0x1d851e]
V  [jvm.dll+0x1296cd]
V  [jvm.dll+0x1346ae]
V  [jvm.dll+0x1349ae]
V  [jvm.dll+0xd43f9]
C  [java.dll+0x7dc2]  Java_sun_reflect_NativeMethodAccessorImpl_invoke0+0x15
j  sun.reflect.NativeMethodAccessorImpl.invoke(Ljava/lang/Object;[Ljava/lang/Object;)Ljava/lang/Object;+87
j  sun.reflect.DelegatingMethodAccessorImpl.invoke(Ljava/lang/Object;[Ljava/lang/Object;)Ljava/lang/Object;+6
j  java.lang.reflect.Method.invoke(Ljava/lang/Object;[Ljava/lang/Object;)Ljava/lang/Object;+57
j  org.junit.runners.model.FrameworkMethod$1.runReflectiveCall()Ljava/lang/Object;+15
j  org.junit.internal.runners.model.ReflectiveCallable.run()Ljava/lang/Object;+1
j  org.junit.runners.model.FrameworkMethod.invokeExplosively(Ljava/lang/Object;[Ljava/lang/Object;)Ljava/lang/Object;+10
j  org.junit.internal.runners.statements.InvokeMethod.evaluate()V+12
j  org.junit.runners.BlockJUnit4ClassRunner.runChild(Lorg/junit/runners/model/FrameworkMethod;Lorg/junit/runner/notification/RunNotifier;)V+31
j  org.junit.runners.BlockJUnit4ClassRunner.runChild(Ljava/lang/Object;Lorg/junit/runner/notification/RunNotifier;)V+6
j  org.junit.runners.ParentRunner$3.run()V+12
j  org.junit.runners.ParentRunner$1.schedule(Ljava/lang/Runnable;)V+1
j  org.junit.runners.ParentRunner.runChildren(Lorg/junit/runner/notification/RunNotifier;)V+40
j  org.junit.runners.ParentRunner.access$000(Lorg/junit/runners/ParentRunner;Lorg/junit/runner/notification/RunNotifier;)V+2
j  org.junit.runners.ParentRunner$2.evaluate()V+8
j  org.junit.runners.ParentRunner.run(Lorg/junit/runner/notification/RunNotifier;)V+20
j  org.apache.maven.surefire.junit4.JUnit4TestSet.execute(Ljava/lang/Class;Lorg/junit/runner/notification/RunNotifier;Ljava/lang/String;)V+79
j  org.apache.maven.surefire.junit4.JUnit4Provider.executeTestSet(Ljava/lang/Class;Lorg/apache/maven/surefire/report/RunListener;Lorg/junit/runner/notification/RunNotifier;)V+34
j  org.apache.maven.surefire.junit4.JUnit4Provider.invoke(Ljava/lang/Object;)Lorg/apache/maven/surefire/suite/RunResult;+133
v  ~StubRoutines::call_stub
V  [jvm.dll+0x12964a]
V  [jvm.dll+0x1d851e]
V  [jvm.dll+0x1296cd]
V  [jvm.dll+0x1346ae]
V  [jvm.dll+0x1349ae]
V  [jvm.dll+0xd43f9]
C  [java.dll+0x7dc2]  Java_sun_reflect_NativeMethodAccessorImpl_invoke0+0x15
j  sun.reflect.NativeMethodAccessorImpl.invoke(Ljava/lang/Object;[Ljava/lang/Object;)Ljava/lang/Object;+87
j  sun.reflect.DelegatingMethodAccessorImpl.invoke(Ljava/lang/Object;[Ljava/lang/Object;)Ljava/lang/Object;+6
j  java.lang.reflect.Method.invoke(Ljava/lang/Object;[Ljava/lang/Object;)Ljava/lang/Object;+57
j  org.apache.maven.surefire.util.ReflectionUtils.invokeMethodWithArray(Ljava/lang/Object;Ljava/lang/reflect/Method;[Ljava/lang/Object;)Ljava/lang/Object;+3
j  org.apache.maven.surefire.booter.ProviderFactory$ProviderProxy.invoke(Ljava/lang/Object;)Lorg/apache/maven/surefire/suite/RunResult;+29
j  org.apache.maven.surefire.booter.SurefireStarter.invokeProvider(Ljava/lang/Object;Ljava/lang/ClassLoader;Ljava/lang/ClassLoader;Ljava/lang/Object;)Lorg/apache/maven/surefire/suite/RunResult;+41
j  org.apache.maven.surefire.booter.SurefireStarter.runSuitesInProcessWhenForked()Lorg/apache/maven/surefire/suite/RunResult;+33
j  org.apache.maven.surefire.booter.ForkedBooter.main([Ljava/lang/String;)V+109
v  ~StubRoutines::call_stub
V  [jvm.dll+0x12964a]
V  [jvm.dll+0x1d851e]
V  [jvm.dll+0x1296cd]
V  [jvm.dll+0xae244]
V  [jvm.dll+0xb85b7]
C  [java.exe+0x1fd8]
C  [java.exe+0xa0cb]
C  [java.exe+0xa155]
C  [kernel32.dll+0x133aa]  BaseThreadInitThunk+0x12
C  [ntdll.dll+0x39ef2]  RtlInitializeExceptionChain+0x63
C  [ntdll.dll+0x39ec5]  RtlInitializeExceptionChain+0x36

Java frames: (J=compiled Java code, j=interpreted, Vv=VM code)
j  EECFI.ANXTime.orbitToTime(J)D+0
j  net.eads.astrium.dream.eocfihandler.dreameocfihandler.SwathDef.calculateGndStationVis(JJ)Lnet/eads/astrium/dream/util/structures/tasking/SegmentVisGS;+97
j  net.eads.astrium.dream.eocfihandler.dreameocfihandler.EoCfiHandler.getNextStationDownlink(Ljava/util/Date;)Lnet/eads/astrium/dream/util/structures/tasking/SegmentVisGS;+202
j  net.eads.astrium.dream.eocfihandler.dreameocfihandler.FeasibilityTest.testCFIHndlCall(Ljava/lang/String;)V+610
j  net.eads.astrium.dream.eocfihandler.dreameocfihandler.FeasibilityTest.test()V+234
v  ~StubRoutines::call_stub
j  sun.reflect.NativeMethodAccessorImpl.invoke0(Ljava/lang/reflect/Method;Ljava/lang/Object;[Ljava/lang/Object;)Ljava/lang/Object;+0
j  sun.reflect.NativeMethodAccessorImpl.invoke(Ljava/lang/Object;[Ljava/lang/Object;)Ljava/lang/Object;+87
j  sun.reflect.DelegatingMethodAccessorImpl.invoke(Ljava/lang/Object;[Ljava/lang/Object;)Ljava/lang/Object;+6
j  java.lang.reflect.Method.invoke(Ljava/lang/Object;[Ljava/lang/Object;)Ljava/lang/Object;+57
j  org.junit.runners.model.FrameworkMethod$1.runReflectiveCall()Ljava/lang/Object;+15
j  org.junit.internal.runners.model.ReflectiveCallable.run()Ljava/lang/Object;+1
j  org.junit.runners.model.FrameworkMethod.invokeExplosively(Ljava/lang/Object;[Ljava/lang/Object;)Ljava/lang/Object;+10
j  org.junit.internal.runners.statements.InvokeMethod.evaluate()V+12
j  org.junit.runners.BlockJUnit4ClassRunner.runChild(Lorg/junit/runners/model/FrameworkMethod;Lorg/junit/runner/notification/RunNotifier;)V+31
j  org.junit.runners.BlockJUnit4ClassRunner.runChild(Ljava/lang/Object;Lorg/junit/runner/notification/RunNotifier;)V+6
j  org.junit.runners.ParentRunner$3.run()V+12
j  org.junit.runners.ParentRunner$1.schedule(Ljava/lang/Runnable;)V+1
j  org.junit.runners.ParentRunner.runChildren(Lorg/junit/runner/notification/RunNotifier;)V+40
j  org.junit.runners.ParentRunner.access$000(Lorg/junit/runners/ParentRunner;Lorg/junit/runner/notification/RunNotifier;)V+2
j  org.junit.runners.ParentRunner$2.evaluate()V+8
j  org.junit.runners.ParentRunner.run(Lorg/junit/runner/notification/RunNotifier;)V+20
j  org.apache.maven.surefire.junit4.JUnit4TestSet.execute(Ljava/lang/Class;Lorg/junit/runner/notification/RunNotifier;Ljava/lang/String;)V+79
j  org.apache.maven.surefire.junit4.JUnit4Provider.executeTestSet(Ljava/lang/Class;Lorg/apache/maven/surefire/report/RunListener;Lorg/junit/runner/notification/RunNotifier;)V+34
j  org.apache.maven.surefire.junit4.JUnit4Provider.invoke(Ljava/lang/Object;)Lorg/apache/maven/surefire/suite/RunResult;+133
v  ~StubRoutines::call_stub
j  sun.reflect.NativeMethodAccessorImpl.invoke0(Ljava/lang/reflect/Method;Ljava/lang/Object;[Ljava/lang/Object;)Ljava/lang/Object;+0
j  sun.reflect.NativeMethodAccessorImpl.invoke(Ljava/lang/Object;[Ljava/lang/Object;)Ljava/lang/Object;+87
j  sun.reflect.DelegatingMethodAccessorImpl.invoke(Ljava/lang/Object;[Ljava/lang/Object;)Ljava/lang/Object;+6
j  java.lang.reflect.Method.invoke(Ljava/lang/Object;[Ljava/lang/Object;)Ljava/lang/Object;+57
j  org.apache.maven.surefire.util.ReflectionUtils.invokeMethodWithArray(Ljava/lang/Object;Ljava/lang/reflect/Method;[Ljava/lang/Object;)Ljava/lang/Object;+3
j  org.apache.maven.surefire.booter.ProviderFactory$ProviderProxy.invoke(Ljava/lang/Object;)Lorg/apache/maven/surefire/suite/RunResult;+29
j  org.apache.maven.surefire.booter.SurefireStarter.invokeProvider(Ljava/lang/Object;Ljava/lang/ClassLoader;Ljava/lang/ClassLoader;Ljava/lang/Object;)Lorg/apache/maven/surefire/suite/RunResult;+41
j  org.apache.maven.surefire.booter.SurefireStarter.runSuitesInProcessWhenForked()Lorg/apache/maven/surefire/suite/RunResult;+33
j  org.apache.maven.surefire.booter.ForkedBooter.main([Ljava/lang/String;)V+109
v  ~StubRoutines::call_stub

---------------  P R O C E S S  ---------------

Java Threads: ( => current thread )
  0x022f6800 JavaThread "Service Thread" daemon [_thread_blocked, id=1296, stack(0x04900000,0x04950000)]
  0x022f1400 JavaThread "C1 CompilerThread0" daemon [_thread_blocked, id=1028, stack(0x049a0000,0x049f0000)]
  0x022f0000 JavaThread "Attach Listener" daemon [_thread_blocked, id=2548, stack(0x047a0000,0x047f0000)]
  0x022ed000 JavaThread "Signal Dispatcher" daemon [_thread_blocked, id=1508, stack(0x02320000,0x02370000)]
  0x022d9000 JavaThread "Finalizer" daemon [_thread_blocked, id=3792, stack(0x045c0000,0x04610000)]
  0x022d4400 JavaThread "Reference Handler" daemon [_thread_blocked, id=2492, stack(0x044b0000,0x04500000)]
=>0x00aab000 JavaThread "main" [_thread_in_native, id=2676, stack(0x009a0000,0x009f0000)]

Other Threads:
  0x022d1400 VMThread [stack: 0x04570000,0x045c0000] [id=3408]
  0x02309000 WatcherThread [stack: 0x04b50000,0x04ba0000] [id=2720]

VM state:not at safepoint (normal execution)

VM Mutex/Monitor currently owned by a thread: None

Heap
 def new generation   total 4928K, used 2733K [0x247d0000, 0x24d20000, 0x29d20000)
  eden space 4416K,  50% used [0x247d0000, 0x249fb6f8, 0x24c20000)
  from space 512K, 100% used [0x24ca0000, 0x24d20000, 0x24d20000)
  to   space 512K,   0% used [0x24c20000, 0x24c20000, 0x24ca0000)
 tenured generation   total 10944K, used 544K [0x29d20000, 0x2a7d0000, 0x347d0000)
   the space 10944K,   4% used [0x29d20000, 0x29da8308, 0x29da8400, 0x2a7d0000)
 compacting perm gen  total 12288K, used 1142K [0x347d0000, 0x353d0000, 0x387d0000)
   the space 12288K,   9% used [0x347d0000, 0x348ed938, 0x348eda00, 0x353d0000)
    ro space 10240K,  45% used [0x387d0000, 0x38c53960, 0x38c53a00, 0x391d0000)
    rw space 12288K,  54% used [0x391d0000, 0x398574d8, 0x39857600, 0x39dd0000)

Code Cache  [0x02430000, 0x02508000, 0x04430000)
 total_blobs=312 nmethods=114 adapters=133 free_code_cache=31926Kb largest_free_block=32693056

Compilation events (10 events):
Event: 0.570 Thread 0x022f1400  110             org.apache.maven.surefire.util.internal.ByteBuffer::join (75 bytes)
Event: 0.571 Thread 0x022f1400 nmethod 110 0x024fbb08 code [0x024fbc10, 0x024fbdf0]
Event: 0.571 Thread 0x022f1400  111             org.apache.maven.surefire.util.internal.StringUtils::escapeJavaStyleString (565 bytes)
Event: 0.574 Thread 0x022f1400 nmethod 111 0x024fc048 code [0x024fc450, 0x024febe0]
Event: 0.574 Thread 0x022f1400  112             sun.nio.cs.SingleByte$Encoder::encode (114 bytes)
Event: 0.574 Thread 0x022f1400 nmethod 112 0x02501508 code [0x02501620, 0x025018f0]
Event: 0.574 Thread 0x022f1400  113  s          java.lang.StringBuffer::append (8 bytes)
Event: 0.574 Thread 0x022f1400 nmethod 113 0x02501c88 code [0x02501d90, 0x02501f6c]
Event: 0.574 Thread 0x022f1400  114             java.nio.charset.CharsetEncoder::maxBytesPerChar (5 bytes)
Event: 0.575 Thread 0x022f1400 nmethod 114 0x02502008 code [0x02502100, 0x02502180]

GC Heap History (2 events):
Event: 0.155 GC heap before
{Heap before GC invocations=0 (full 0):
 def new generation   total 4928K, used 4416K [0x247d0000, 0x24d20000, 0x29d20000)
  eden space 4416K, 100% used [0x247d0000, 0x24c20000, 0x24c20000)
  from space 512K,   0% used [0x24c20000, 0x24c20000, 0x24ca0000)
  to   space 512K,   0% used [0x24ca0000, 0x24ca0000, 0x24d20000)
 tenured generation   total 10944K, used 0K [0x29d20000, 0x2a7d0000, 0x347d0000)
   the space 10944K,   0% used [0x29d20000, 0x29d20000, 0x29d20200, 0x2a7d0000)
 compacting perm gen  total 12288K, used 892K [0x347d0000, 0x353d0000, 0x387d0000)
   the space 12288K,   7% used [0x347d0000, 0x348af080, 0x348af200, 0x353d0000)
    ro space 10240K,  45% used [0x387d0000, 0x38c53960, 0x38c53a00, 0x391d0000)
    rw space 12288K,  54% used [0x391d0000, 0x398574d8, 0x39857600, 0x39dd0000)
Event: 0.158 GC heap after
Heap after GC invocations=1 (full 0):
 def new generation   total 4928K, used 512K [0x247d0000, 0x24d20000, 0x29d20000)
  eden space 4416K,   0% used [0x247d0000, 0x247d0000, 0x24c20000)
  from space 512K, 100% used [0x24ca0000, 0x24d20000, 0x24d20000)
  to   space 512K,   0% used [0x24c20000, 0x24c20000, 0x24ca0000)
 tenured generation   total 10944K, used 544K [0x29d20000, 0x2a7d0000, 0x347d0000)
   the space 10944K,   4% used [0x29d20000, 0x29da8308, 0x29da8400, 0x2a7d0000)
 compacting perm gen  total 12288K, used 892K [0x347d0000, 0x353d0000, 0x387d0000)
   the space 12288K,   7% used [0x347d0000, 0x348af080, 0x348af200, 0x353d0000)
    ro space 10240K,  45% used [0x387d0000, 0x38c53960, 0x38c53a00, 0x391d0000)
    rw space 12288K,  54% used [0x391d0000, 0x398574d8, 0x39857600, 0x39dd0000)
}

Deoptimization events (0 events):
No events

Internal exceptions (10 events):
Event: 0.536 Thread 0x00aab000 Threw 0x249634d0 at C:\jdk7u5_32P\jdk7u5\hotspot\src\share\vm\prims\jvm.cpp:1166
Event: 0.537 Thread 0x00aab000 Threw 0x24967358 at C:\jdk7u5_32P\jdk7u5\hotspot\src\share\vm\prims\jvm.cpp:1166
Event: 0.537 Thread 0x00aab000 Threw 0x2496b358 at C:\jdk7u5_32P\jdk7u5\hotspot\src\share\vm\prims\jvm.cpp:1166
Event: 0.538 Thread 0x00aab000 Threw 0x24972e80 at C:\jdk7u5_32P\jdk7u5\hotspot\src\share\vm\prims\jvm.cpp:1166
Event: 0.541 Thread 0x00aab000 Threw 0x24977038 at C:\jdk7u5_32P\jdk7u5\hotspot\src\share\vm\prims\jvm.cpp:1166
Event: 0.545 Thread 0x00aab000 Threw 0x2497bca0 at C:\jdk7u5_32P\jdk7u5\hotspot\src\share\vm\prims\jvm.cpp:1166
Event: 0.545 Thread 0x00aab000 Threw 0x249812b0 at C:\jdk7u5_32P\jdk7u5\hotspot\src\share\vm\prims\jvm.cpp:1166
Event: 0.573 Thread 0x00aab000 Threw 0x249c75e0 at C:\jdk7u5_32P\jdk7u5\hotspot\src\share\vm\prims\jvm.cpp:1166
Event: 0.574 Thread 0x00aab000 Threw 0x249ca9f8 at C:\jdk7u5_32P\jdk7u5\hotspot\src\share\vm\prims\jvm.cpp:1166
Event: 0.576 Thread 0x00aab000 Threw 0x249ceb30 at C:\jdk7u5_32P\jdk7u5\hotspot\src\share\vm\prims\jvm.cpp:1166

Events (10 events):
Event: 0.545 loading class 0x04c3a108
Event: 0.545 loading class 0x04c3a108 done
Event: 0.570 loading class 0x39df0698
Event: 0.570 loading class 0x39df0698 done
Event: 0.573 loading class 0x04ccb7a8
Event: 0.573 loading class 0x04ccb7a8 done
Event: 0.573 loading class 0x04d1bb10
Event: 0.573 loading class 0x04d1bb10 done
Event: 0.576 loading class 0x04d1bb38
Event: 0.576 loading class 0x04d1bb38 done


Dynamic libraries:
0x00ab0000 - 0x00adf000 	C:\Program Files (x86)\Java\jdk1.7.0_05\jre\bin\java.exe
0x77d70000 - 0x77ef0000 	C:\Windows\SysWOW64\ntdll.dll
0x770f0000 - 0x77200000 	C:\Windows\syswow64\kernel32.dll
0x77200000 - 0x77247000 	C:\Windows\syswow64\KERNELBASE.dll
0x76e00000 - 0x76ea0000 	C:\Windows\syswow64\ADVAPI32.dll
0x76660000 - 0x7670c000 	C:\Windows\syswow64\msvcrt.dll
0x76520000 - 0x76539000 	C:\Windows\SysWOW64\sechost.dll
0x754b0000 - 0x755a0000 	C:\Windows\syswow64\RPCRT4.dll
0x75450000 - 0x754b0000 	C:\Windows\syswow64\SspiCli.dll
0x75440000 - 0x7544c000 	C:\Windows\syswow64\CRYPTBASE.dll
0x773b0000 - 0x774b0000 	C:\Windows\syswow64\USER32.dll
0x76280000 - 0x76310000 	C:\Windows\syswow64\GDI32.dll
0x76860000 - 0x7686a000 	C:\Windows\syswow64\LPK.dll
0x76540000 - 0x765dd000 	C:\Windows\syswow64\USP10.dll
0x73370000 - 0x7350e000 	C:\Windows\WinSxS\x86_microsoft.windows.common-controls_6595b64144ccf1df_6.0.7601.17514_none_41e6975e2bd6f2b2\COMCTL32.dll
0x765e0000 - 0x76637000 	C:\Windows\syswow64\SHLWAPI.dll
0x77060000 - 0x770c0000 	C:\Windows\system32\IMM32.DLL
0x76320000 - 0x763ec000 	C:\Windows\syswow64\MSCTF.dll
0x6fef0000 - 0x6ffae000 	C:\Program Files (x86)\Java\jdk1.7.0_05\jre\bin\msvcr100.dll
0x6cfb0000 - 0x6d2fa000 	C:\Program Files (x86)\Java\jdk1.7.0_05\jre\bin\client\jvm.dll
0x72b50000 - 0x72b57000 	C:\Windows\system32\WSOCK32.dll
0x763f0000 - 0x76425000 	C:\Windows\syswow64\WS2_32.dll
0x76a20000 - 0x76a26000 	C:\Windows\syswow64\NSI.dll
0x75270000 - 0x752a2000 	C:\Windows\system32\WINMM.dll
0x764b0000 - 0x764b5000 	C:\Windows\syswow64\PSAPI.DLL
0x72420000 - 0x7242c000 	C:\Program Files (x86)\Java\jdk1.7.0_05\jre\bin\verify.dll
0x70050000 - 0x70070000 	C:\Program Files (x86)\Java\jdk1.7.0_05\jre\bin\java.dll
0x70030000 - 0x70043000 	C:\Program Files (x86)\Java\jdk1.7.0_05\jre\bin\zip.dll
0x70010000 - 0x70024000 	C:\Program Files (x86)\Java\jdk1.7.0_05\jre\bin\net.dll
0x71c10000 - 0x71c4c000 	C:\Windows\system32\mswsock.dll
0x72b70000 - 0x72b76000 	C:\Windows\System32\wship6.dll
0x71c00000 - 0x71c0f000 	C:\Program Files (x86)\Java\jdk1.7.0_05\jre\bin\nio.dll
0x10000000 - 0x11467000 	C:\Users\re-dboatswain\dream\DreamEOCFIHandler\windows_target\classes\libraries\WINDOWS\JCfiLib.dll
0x002d0000 - 0x002e5000 	C:\Program Files\Java\jre7\bin\pthreadVC2.dll
0x75150000 - 0x751f3000 	C:\Windows\WinSxS\x86_microsoft.vc90.crt_1fc8b3b9a1e18e3b_9.0.30729.6161_none_50934f2ebcb7eb57\MSVCR90.dll
0x05070000 - 0x06e60000 	C:\Users\re-dboatswain\dream\DreamEOCFIHandler\windows_target\classes\libraries\WINDOWS\JCfiOrbit.dll
0x06e60000 - 0x09df4000 	C:\Users\re-dboatswain\dream\DreamEOCFIHandler\windows_target\classes\libraries\WINDOWS\JCfiVisibility.dll
0x09e00000 - 0x0bea4000 	C:\Users\re-dboatswain\dream\DreamEOCFIHandler\windows_target\classes\libraries\WINDOWS\JCfiPointing.dll
0x6fea0000 - 0x6feae000 	C:\Windows\WinSxS\x86_microsoft.vc90.openmp_1fc8b3b9a1e18e3b_9.0.30729.6161_none_80ba6c811e9b4aff\VCOMP90.DLL
0x0beb0000 - 0x0c582000 	C:\Users\re-dboatswain\dream\DreamEOCFIHandler\windows_target\classes\libraries\WINDOWS\JCfiDataHandling.dll
0x6f380000 - 0x6f46b000 	C:\Windows\system32\dbghelp.dll

VM Arguments:
jvm_args: -Djava.library.path=C:\Users\re-dboatswain\dream\DreamEOCFIHandler\windows_target\classes\libraries\WINDOWS 
java_command: C:\Users\re-dboatswain\dream\DreamEOCFIHandler\windows_target\surefire\surefirebooter5179923044033608474.jar C:\Users\re-dboatswain\dream\DreamEOCFIHandler\windows_target\surefire\surefire8112073929596288669tmp C:\Users\re-dboatswain\dream\DreamEOCFIHandler\windows_target\surefire\surefire5075259271278982227tmp
Launcher Type: SUN_STANDARD

Environment Variables:
JAVA_HOME=C:\Program Files (x86)\Java\jdk1.7.0_05
JRE_HOME=C:\Program Files\Java\jre7
PATH=C:\Windows\system32;C:\Windows;C:\Windows\System32\Wbem;C:\Windows\System32\WindowsPowerShell\v1.0\;C:\tomcat\webapps\cesium-master\Tools\apache-ant-1.8.2\bin;C:\apache-cxf\bin;C:\axis2\bin;C:\tomcat\bin;C:\Program Files\Java\jdk1.7.0_05\bin;C:\Program Files\Java\jre7\bin;C:\maven\bin;C:\xmlbeans\bin;C:\Program Files\doxygen\bin;C:\Program Files (x86)\Liquid Technologies\Liquid XML Studio 2011\XmlDataBinder9\Redist9\cpp\win32\bin;C:\jboss-as-7.1.1.Final\bin;C:\Program Files\Oracle\VirtualBox;C:\apache-maven-3.0.4-bin\apache-maven-3.0.4;C:\Program Files\TortoiseSVN\bin
USERNAME=re-dboatswain
OS=Windows_NT
PROCESSOR_IDENTIFIER=Intel64 Family 6 Model 42 Stepping 7, GenuineIntel



---------------  S Y S T E M  ---------------

OS: Windows 7 , 64 bit Build 7601 Service Pack 1

CPU:total 4 (2 cores per cpu, 2 threads per core) family 6 model 42 stepping 7, cmov, cx8, fxsr, mmx, sse, sse2, sse3, ssse3, sse4.1, sse4.2, popcnt, avx, ht, tsc, tscinvbit

Memory: 4k page, physical 6238064k(3822916k free), swap 12474272k(9593228k free)

vm_info: Java HotSpot(TM) Client VM (23.1-b03) for windows-x86 JRE (1.7.0_05-b05), built on May 15 2012 18:11:27 by "java_re" with unknown MS VC++:1600

time: Tue Oct 15 09:58:24 2013
elapsed time: 1 seconds

