#
# A fatal error has been detected by the Java Runtime Environment:
#
#  EXCEPTION_ACCESS_VIOLATION (0xc0000005) at pc=0x6d3a9d40, pid=1668, tid=3776
#
# JRE version: 7.0_05-b05
# Java VM: Java HotSpot(TM) Client VM (23.1-b03 mixed mode windows-x86 )
# Problematic frame:
# V  [jvm.dll+0xa9d40]
#
# Failed to write core dump. Minidumps are not enabled by default on client versions of Windows
#
# If you would like to submit a bug report, please visit:
#   http://bugreport.sun.com/bugreport/crash.jsp
#

---------------  T H R E A D  ---------------

Current thread (0x0054b400):  JavaThread "main" [_thread_in_vm, id=3776, stack(0x00d90000,0x00de0000)]

siginfo: ExceptionCode=0xc0000005, reading address 0x00000000

Registers:
EAX=0x00000006, EBX=0x00000042, ECX=0x00000000, EDX=0x6d3a9d00
ESP=0x00dde870, EBP=0x00dde884, ESI=0x148d8ca8, EDI=0x0054b400
EIP=0x6d3a9d40, EFLAGS=0x00010246

Top of Stack: (sp=0x00dde870)
0x00dde870:   0054b400 00000006 0054b400 148d8ca8
0x00dde880:   148d8cb0 00dde89c 1ae21830 0054b528
0x00dde890:   00000000 00000042 0054b528 00dde8f8
0x00dde8a0:   1ae31851 00000000 00000042 6d352a23
0x00dde8b0:   0054b400 00000000 0054b400 00dde90c
0x00dde8c0:   185c2044 0054b400 00000006 00000008
0x00dde8d0:   0054b400 148d8ca8 148d8cb0 00000000
0x00dde8e0:   025aed54 025a29c8 00000000 00dde93c 

Instructions: (pc=0x6d3a9d40)
0x6d3a9d20:   fa ac de 00 00 74 09 e8 24 9d 09 00 33 ff eb 02
0x6d3a9d30:   8b f9 6a 06 57 e8 56 a0 f5 ff 8b 5d 10 8b 4d 0c
0x6d3a9d40:   8b 01 8b 50 04 8b f3 83 c4 08 c1 ee 02 80 3d 63
0x6d3a9d50:   ba 60 6d 00 74 0f 6a 00 53 52 50 51 57 e8 de 85 


Register to memory mapping:

EAX=0x00000006 is an unknown value
EBX=0x00000042 is an unknown value
ECX=0x00000000 is an unknown value
EDX=0x6d3a9d00 is an unknown value
ESP=0x00dde870 is pointing into the stack for thread: 0x0054b400
EBP=0x00dde884 is pointing into the stack for thread: 0x0054b400
ESI=0x148d8ca8 is an oop
{constMethod} 
 - klass: {other class}
 - method:       0x148d8cb0 {method} 'orbitToTime' '(J)D' in 'EECFI/ANXTime'
 - exceptions:   0x145a1128
EDI=0x0054b400 is a thread


Stack: [0x00d90000,0x00de0000],  sp=0x00dde870,  free space=314k
Native frames: (J=compiled Java code, j=interpreted, Vv=VM code, C=native code)
V  [jvm.dll+0xa9d40]
C  [JCfiOrbit.dll+0x1830]  JNIEnv_::GetLongField+0x20
C  [JCfiOrbit.dll+0x11851]  Java_EECFI_ANXTime_orbitToTime+0x81
j  EECFI.ANXTime.orbitToTime(J)D+0
j  net.eads.astrium.dream.eocfihandler.dreameocfihandler.SwathDef.calculateGndStationVis(JJ)Lnet/eads/astrium/dream/util/structures/tasking/SegmentVisGS;+97
j  net.eads.astrium.dream.eocfihandler.dreameocfihandler.EoCfiHandler.getNextStationDownlink(Ljava/util/Date;)Lnet/eads/astrium/dream/util/structures/tasking/SegmentVisGS;+202
j  net.eads.astrium.dream.eocfihandler.dreameocfihandler.FeasibilityTest.testCFIHndlCall(Ljava/lang/String;)V+610
j  net.eads.astrium.dream.eocfihandler.dreameocfihandler.FeasibilityTest.test()V+234
v  ~StubRoutines::call_stub
V  [jvm.dll+0x12964a]
V  [jvm.dll+0x1d851e]
V  [jvm.dll+0x1296cd]
V  [jvm.dll+0x1346ae]
V  [jvm.dll+0x1349ae]
V  [jvm.dll+0xd43f9]
C  [java.dll+0x7dc2]  Java_sun_reflect_NativeMethodAccessorImpl_invoke0+0x15
j  sun.reflect.NativeMethodAccessorImpl.invoke(Ljava/lang/Object;[Ljava/lang/Object;)Ljava/lang/Object;+87
j  sun.reflect.DelegatingMethodAccessorImpl.invoke(Ljava/lang/Object;[Ljava/lang/Object;)Ljava/lang/Object;+6
j  java.lang.reflect.Method.invoke(Ljava/lang/Object;[Ljava/lang/Object;)Ljava/lang/Object;+57
j  org.junit.runners.model.FrameworkMethod$1.runReflectiveCall()Ljava/lang/Object;+15
j  org.junit.internal.runners.model.ReflectiveCallable.run()Ljava/lang/Object;+1
j  org.junit.runners.model.FrameworkMethod.invokeExplosively(Ljava/lang/Object;[Ljava/lang/Object;)Ljava/lang/Object;+10
j  org.junit.internal.runners.statements.InvokeMethod.evaluate()V+12
j  org.junit.runners.BlockJUnit4ClassRunner.runChild(Lorg/junit/runners/model/FrameworkMethod;Lorg/junit/runner/notification/RunNotifier;)V+31
j  org.junit.runners.BlockJUnit4ClassRunner.runChild(Ljava/lang/Object;Lorg/junit/runner/notification/RunNotifier;)V+6
j  org.junit.runners.ParentRunner$3.run()V+12
j  org.junit.runners.ParentRunner$1.schedule(Ljava/lang/Runnable;)V+1
j  org.junit.runners.ParentRunner.runChildren(Lorg/junit/runner/notification/RunNotifier;)V+40
j  org.junit.runners.ParentRunner.access$000(Lorg/junit/runners/ParentRunner;Lorg/junit/runner/notification/RunNotifier;)V+2
j  org.junit.runners.ParentRunner$2.evaluate()V+8
j  org.junit.runners.ParentRunner.run(Lorg/junit/runner/notification/RunNotifier;)V+20
j  org.apache.maven.surefire.junit4.JUnit4TestSet.execute(Ljava/lang/Class;Lorg/junit/runner/notification/RunNotifier;Ljava/lang/String;)V+79
j  org.apache.maven.surefire.junit4.JUnit4Provider.executeTestSet(Ljava/lang/Class;Lorg/apache/maven/surefire/report/RunListener;Lorg/junit/runner/notification/RunNotifier;)V+34
j  org.apache.maven.surefire.junit4.JUnit4Provider.invoke(Ljava/lang/Object;)Lorg/apache/maven/surefire/suite/RunResult;+133
v  ~StubRoutines::call_stub
V  [jvm.dll+0x12964a]
V  [jvm.dll+0x1d851e]
V  [jvm.dll+0x1296cd]
V  [jvm.dll+0x1346ae]
V  [jvm.dll+0x1349ae]
V  [jvm.dll+0xd43f9]
C  [java.dll+0x7dc2]  Java_sun_reflect_NativeMethodAccessorImpl_invoke0+0x15
j  sun.reflect.NativeMethodAccessorImpl.invoke(Ljava/lang/Object;[Ljava/lang/Object;)Ljava/lang/Object;+87
j  sun.reflect.DelegatingMethodAccessorImpl.invoke(Ljava/lang/Object;[Ljava/lang/Object;)Ljava/lang/Object;+6
j  java.lang.reflect.Method.invoke(Ljava/lang/Object;[Ljava/lang/Object;)Ljava/lang/Object;+57
j  org.apache.maven.surefire.util.ReflectionUtils.invokeMethodWithArray(Ljava/lang/Object;Ljava/lang/reflect/Method;[Ljava/lang/Object;)Ljava/lang/Object;+3
j  org.apache.maven.surefire.booter.ProviderFactory$ProviderProxy.invoke(Ljava/lang/Object;)Lorg/apache/maven/surefire/suite/RunResult;+29
j  org.apache.maven.surefire.booter.SurefireStarter.invokeProvider(Ljava/lang/Object;Ljava/lang/ClassLoader;Ljava/lang/ClassLoader;Ljava/lang/Object;)Lorg/apache/maven/surefire/suite/RunResult;+41
j  org.apache.maven.surefire.booter.SurefireStarter.runSuitesInProcessWhenForked()Lorg/apache/maven/surefire/suite/RunResult;+33
j  org.apache.maven.surefire.booter.ForkedBooter.main([Ljava/lang/String;)V+109
v  ~StubRoutines::call_stub
V  [jvm.dll+0x12964a]
V  [jvm.dll+0x1d851e]
V  [jvm.dll+0x1296cd]
V  [jvm.dll+0xae244]
V  [jvm.dll+0xb85b7]
C  [java.exe+0x1fd8]
C  [java.exe+0xa0cb]
C  [java.exe+0xa155]
C  [kernel32.dll+0x133aa]  BaseThreadInitThunk+0x12
C  [ntdll.dll+0x39ef2]  RtlInitializeExceptionChain+0x63
C  [ntdll.dll+0x39ec5]  RtlInitializeExceptionChain+0x36

Java frames: (J=compiled Java code, j=interpreted, Vv=VM code)
j  EECFI.ANXTime.orbitToTime(J)D+0
j  net.eads.astrium.dream.eocfihandler.dreameocfihandler.SwathDef.calculateGndStationVis(JJ)Lnet/eads/astrium/dream/util/structures/tasking/SegmentVisGS;+97
j  net.eads.astrium.dream.eocfihandler.dreameocfihandler.EoCfiHandler.getNextStationDownlink(Ljava/util/Date;)Lnet/eads/astrium/dream/util/structures/tasking/SegmentVisGS;+202
j  net.eads.astrium.dream.eocfihandler.dreameocfihandler.FeasibilityTest.testCFIHndlCall(Ljava/lang/String;)V+610
j  net.eads.astrium.dream.eocfihandler.dreameocfihandler.FeasibilityTest.test()V+234
v  ~StubRoutines::call_stub
j  sun.reflect.NativeMethodAccessorImpl.invoke0(Ljava/lang/reflect/Method;Ljava/lang/Object;[Ljava/lang/Object;)Ljava/lang/Object;+0
j  sun.reflect.NativeMethodAccessorImpl.invoke(Ljava/lang/Object;[Ljava/lang/Object;)Ljava/lang/Object;+87
j  sun.reflect.DelegatingMethodAccessorImpl.invoke(Ljava/lang/Object;[Ljava/lang/Object;)Ljava/lang/Object;+6
j  java.lang.reflect.Method.invoke(Ljava/lang/Object;[Ljava/lang/Object;)Ljava/lang/Object;+57
j  org.junit.runners.model.FrameworkMethod$1.runReflectiveCall()Ljava/lang/Object;+15
j  org.junit.internal.runners.model.ReflectiveCallable.run()Ljava/lang/Object;+1
j  org.junit.runners.model.FrameworkMethod.invokeExplosively(Ljava/lang/Object;[Ljava/lang/Object;)Ljava/lang/Object;+10
j  org.junit.internal.runners.statements.InvokeMethod.evaluate()V+12
j  org.junit.runners.BlockJUnit4ClassRunner.runChild(Lorg/junit/runners/model/FrameworkMethod;Lorg/junit/runner/notification/RunNotifier;)V+31
j  org.junit.runners.BlockJUnit4ClassRunner.runChild(Ljava/lang/Object;Lorg/junit/runner/notification/RunNotifier;)V+6
j  org.junit.runners.ParentRunner$3.run()V+12
j  org.junit.runners.ParentRunner$1.schedule(Ljava/lang/Runnable;)V+1
j  org.junit.runners.ParentRunner.runChildren(Lorg/junit/runner/notification/RunNotifier;)V+40
j  org.junit.runners.ParentRunner.access$000(Lorg/junit/runners/ParentRunner;Lorg/junit/runner/notification/RunNotifier;)V+2
j  org.junit.runners.ParentRunner$2.evaluate()V+8
j  org.junit.runners.ParentRunner.run(Lorg/junit/runner/notification/RunNotifier;)V+20
j  org.apache.maven.surefire.junit4.JUnit4TestSet.execute(Ljava/lang/Class;Lorg/junit/runner/notification/RunNotifier;Ljava/lang/String;)V+79
j  org.apache.maven.surefire.junit4.JUnit4Provider.executeTestSet(Ljava/lang/Class;Lorg/apache/maven/surefire/report/RunListener;Lorg/junit/runner/notification/RunNotifier;)V+34
j  org.apache.maven.surefire.junit4.JUnit4Provider.invoke(Ljava/lang/Object;)Lorg/apache/maven/surefire/suite/RunResult;+133
v  ~StubRoutines::call_stub
j  sun.reflect.NativeMethodAccessorImpl.invoke0(Ljava/lang/reflect/Method;Ljava/lang/Object;[Ljava/lang/Object;)Ljava/lang/Object;+0
j  sun.reflect.NativeMethodAccessorImpl.invoke(Ljava/lang/Object;[Ljava/lang/Object;)Ljava/lang/Object;+87
j  sun.reflect.DelegatingMethodAccessorImpl.invoke(Ljava/lang/Object;[Ljava/lang/Object;)Ljava/lang/Object;+6
j  java.lang.reflect.Method.invoke(Ljava/lang/Object;[Ljava/lang/Object;)Ljava/lang/Object;+57
j  org.apache.maven.surefire.util.ReflectionUtils.invokeMethodWithArray(Ljava/lang/Object;Ljava/lang/reflect/Method;[Ljava/lang/Object;)Ljava/lang/Object;+3
j  org.apache.maven.surefire.booter.ProviderFactory$ProviderProxy.invoke(Ljava/lang/Object;)Lorg/apache/maven/surefire/suite/RunResult;+29
j  org.apache.maven.surefire.booter.SurefireStarter.invokeProvider(Ljava/lang/Object;Ljava/lang/ClassLoader;Ljava/lang/ClassLoader;Ljava/lang/Object;)Lorg/apache/maven/surefire/suite/RunResult;+41
j  org.apache.maven.surefire.booter.SurefireStarter.runSuitesInProcessWhenForked()Lorg/apache/maven/surefire/suite/RunResult;+33
j  org.apache.maven.surefire.booter.ForkedBooter.main([Ljava/lang/String;)V+109
v  ~StubRoutines::call_stub

---------------  P R O C E S S  ---------------

Java Threads: ( => current thread )
  0x1862f400 JavaThread "Service Thread" daemon [_thread_blocked, id=1760, stack(0x192b0000,0x19300000)]
  0x1862cc00 JavaThread "C1 CompilerThread0" daemon [_thread_blocked, id=2808, stack(0x19240000,0x19290000)]
  0x1861e000 JavaThread "JDWP Command Reader" daemon [_thread_in_native, id=2532, stack(0x19130000,0x19180000)]
  0x1861cc00 JavaThread "JDWP Event Helper Thread" daemon [_thread_blocked, id=2756, stack(0x18ae0000,0x18b30000)]
  0x18614c00 JavaThread "JDWP Transport Listener: dt_socket" daemon [_thread_blocked, id=1864, stack(0x18a60000,0x18ab0000)]
  0x1860f000 JavaThread "Attach Listener" daemon [_thread_blocked, id=2388, stack(0x18b60000,0x18bb0000)]
  0x1860c000 JavaThread "Signal Dispatcher" daemon [_thread_blocked, id=2568, stack(0x189d0000,0x18a20000)]
  0x185b1400 JavaThread "Finalizer" daemon [_thread_blocked, id=1860, stack(0x18880000,0x188d0000)]
  0x185aa800 JavaThread "Reference Handler" daemon [_thread_blocked, id=2348, stack(0x18820000,0x18870000)]
=>0x0054b400 JavaThread "main" [_thread_in_vm, id=3776, stack(0x00d90000,0x00de0000)]

Other Threads:
  0x185a5800 VMThread [stack: 0x00d40000,0x00d90000] [id=3336]
  0x18638800 WatcherThread [stack: 0x19390000,0x193e0000] [id=1844]

VM state:not at safepoint (normal execution)

VM Mutex/Monitor currently owned by a thread: None

Heap
 def new generation   total 4928K, used 3078K [0x045a0000, 0x04af0000, 0x09af0000)
  eden space 4416K,  58% used [0x045a0000, 0x048219a8, 0x049f0000)
  from space 512K, 100% used [0x04a70000, 0x04af0000, 0x04af0000)
  to   space 512K,   0% used [0x049f0000, 0x049f0000, 0x04a70000)
 tenured generation   total 10944K, used 562K [0x09af0000, 0x0a5a0000, 0x145a0000)
   the space 10944K,   5% used [0x09af0000, 0x09b7c9f0, 0x09b7ca00, 0x0a5a0000)
 compacting perm gen  total 12288K, used 3402K [0x145a0000, 0x151a0000, 0x185a0000)
   the space 12288K,  27% used [0x145a0000, 0x148f2a60, 0x148f2c00, 0x151a0000)
No shared spaces configured.

Code Cache  [0x025a0000, 0x02680000, 0x045a0000)
 total_blobs=304 nmethods=114 adapters=133 free_code_cache=31899Kb largest_free_block=32664704

Compilation events (10 events):
Event: 0.730 Thread 0x1862cc00  110             java.util.Calendar::internalSet (8 bytes)
Event: 0.730 Thread 0x1862cc00 nmethod 110 0x02671bc8 code [0x02671cc0, 0x02671d60]
Event: 0.730 Thread 0x1862cc00  111             java.util.Calendar::setFieldsComputed (117 bytes)
Event: 0.731 Thread 0x1862cc00 nmethod 111 0x02671e08 code [0x02671f20, 0x026720e0]
Event: 0.732 Thread 0x1862cc00  112             org.apache.maven.surefire.util.internal.ByteBuffer::join (75 bytes)
Event: 0.732 Thread 0x1862cc00 nmethod 112 0x02672508 code [0x02672610, 0x026727f0]
Event: 0.732 Thread 0x1862cc00  113             org.apache.maven.surefire.util.internal.StringUtils::escapeJavaStyleString (565 bytes)
Event: 0.736 Thread 0x1862cc00 nmethod 113 0x02672a48 code [0x02672ed0, 0x026758c0]
Event: 0.736 Thread 0x1862cc00  114             sun.nio.cs.SingleByte$Encoder::encode (114 bytes)
Event: 0.736 Thread 0x1862cc00 nmethod 114 0x026788c8 code [0x026789e0, 0x02678cd0]

GC Heap History (2 events):
Event: 0.342 GC heap before
{Heap before GC invocations=0 (full 0):
 def new generation   total 4928K, used 4416K [0x045a0000, 0x04af0000, 0x09af0000)
  eden space 4416K, 100% used [0x045a0000, 0x049f0000, 0x049f0000)
  from space 512K,   0% used [0x049f0000, 0x049f0000, 0x04a70000)
  to   space 512K,   0% used [0x04a70000, 0x04a70000, 0x04af0000)
 tenured generation   total 10944K, used 0K [0x09af0000, 0x0a5a0000, 0x145a0000)
   the space 10944K,   0% used [0x09af0000, 0x09af0000, 0x09af0200, 0x0a5a0000)
 compacting perm gen  total 12288K, used 2665K [0x145a0000, 0x151a0000, 0x185a0000)
   the space 12288K,  21% used [0x145a0000, 0x1483a718, 0x1483a800, 0x151a0000)
No shared spaces configured.
Event: 0.345 GC heap after
Heap after GC invocations=1 (full 0):
 def new generation   total 4928K, used 512K [0x045a0000, 0x04af0000, 0x09af0000)
  eden space 4416K,   0% used [0x045a0000, 0x045a0000, 0x049f0000)
  from space 512K, 100% used [0x04a70000, 0x04af0000, 0x04af0000)
  to   space 512K,   0% used [0x049f0000, 0x049f0000, 0x04a70000)
 tenured generation   total 10944K, used 562K [0x09af0000, 0x0a5a0000, 0x145a0000)
   the space 10944K,   5% used [0x09af0000, 0x09b7c9f0, 0x09b7ca00, 0x0a5a0000)
 compacting perm gen  total 12288K, used 2665K [0x145a0000, 0x151a0000, 0x185a0000)
   the space 12288K,  21% used [0x145a0000, 0x1483a718, 0x1483a800, 0x151a0000)
No shared spaces configured.
}

Deoptimization events (0 events):
No events

Internal exceptions (10 events):
Event: 0.694 Thread 0x0054b400 Threw 0x047763c8 at C:\jdk7u5_32P\jdk7u5\hotspot\src\share\vm\prims\jvm.cpp:1166
Event: 0.694 Thread 0x0054b400 Threw 0x0477a250 at C:\jdk7u5_32P\jdk7u5\hotspot\src\share\vm\prims\jvm.cpp:1166
Event: 0.695 Thread 0x0054b400 Threw 0x0477e1f8 at C:\jdk7u5_32P\jdk7u5\hotspot\src\share\vm\prims\jvm.cpp:1166
Event: 0.696 Thread 0x0054b400 Threw 0x04785d38 at C:\jdk7u5_32P\jdk7u5\hotspot\src\share\vm\prims\jvm.cpp:1166
Event: 0.699 Thread 0x0054b400 Threw 0x04789ef0 at C:\jdk7u5_32P\jdk7u5\hotspot\src\share\vm\prims\jvm.cpp:1166
Event: 0.704 Thread 0x0054b400 Threw 0x0478eb58 at C:\jdk7u5_32P\jdk7u5\hotspot\src\share\vm\prims\jvm.cpp:1166
Event: 0.704 Thread 0x0054b400 Threw 0x04793d28 at C:\jdk7u5_32P\jdk7u5\hotspot\src\share\vm\prims\jvm.cpp:1166
Event: 48.635 Thread 0x0054b400 Threw 0x047e5598 at C:\jdk7u5_32P\jdk7u5\hotspot\src\share\vm\prims\jvm.cpp:1166
Event: 52.051 Thread 0x0054b400 Threw 0x047e89b0 at C:\jdk7u5_32P\jdk7u5\hotspot\src\share\vm\prims\jvm.cpp:1166
Event: 52.573 Thread 0x0054b400 Threw 0x047ecca0 at C:\jdk7u5_32P\jdk7u5\hotspot\src\share\vm\prims\jvm.cpp:1166

Events (10 events):
Event: 112.054 Executing VM operation: GetCurrentLocation
Event: 112.055 Executing VM operation: GetCurrentLocation done
Event: 112.055 Executing VM operation: ChangeSingleStep
Event: 112.055 Executing VM operation: ChangeSingleStep done
Event: 112.057 Executing VM operation: ChangeSingleStep
Event: 112.057 Executing VM operation: ChangeSingleStep done
Event: 112.057 Executing VM operation: GetCurrentLocation
Event: 112.057 Executing VM operation: GetCurrentLocation done
Event: 112.057 Executing VM operation: ChangeSingleStep
Event: 112.057 Executing VM operation: ChangeSingleStep done


Dynamic libraries:
0x01170000 - 0x0119f000 	C:\Program Files (x86)\Java\jdk1.7.0_05\jre\bin\java.exe
0x77d70000 - 0x77ef0000 	C:\Windows\SysWOW64\ntdll.dll
0x770f0000 - 0x77200000 	C:\Windows\syswow64\kernel32.dll
0x77200000 - 0x77247000 	C:\Windows\syswow64\KERNELBASE.dll
0x76e00000 - 0x76ea0000 	C:\Windows\syswow64\ADVAPI32.dll
0x76660000 - 0x7670c000 	C:\Windows\syswow64\msvcrt.dll
0x76520000 - 0x76539000 	C:\Windows\SysWOW64\sechost.dll
0x754b0000 - 0x755a0000 	C:\Windows\syswow64\RPCRT4.dll
0x75450000 - 0x754b0000 	C:\Windows\syswow64\SspiCli.dll
0x75440000 - 0x7544c000 	C:\Windows\syswow64\CRYPTBASE.dll
0x773b0000 - 0x774b0000 	C:\Windows\syswow64\USER32.dll
0x76280000 - 0x76310000 	C:\Windows\syswow64\GDI32.dll
0x76860000 - 0x7686a000 	C:\Windows\syswow64\LPK.dll
0x76540000 - 0x765dd000 	C:\Windows\syswow64\USP10.dll
0x73370000 - 0x7350e000 	C:\Windows\WinSxS\x86_microsoft.windows.common-controls_6595b64144ccf1df_6.0.7601.17514_none_41e6975e2bd6f2b2\COMCTL32.dll
0x765e0000 - 0x76637000 	C:\Windows\syswow64\SHLWAPI.dll
0x77060000 - 0x770c0000 	C:\Windows\system32\IMM32.DLL
0x76320000 - 0x763ec000 	C:\Windows\syswow64\MSCTF.dll
0x6ff00000 - 0x6ffbe000 	C:\Program Files (x86)\Java\jdk1.7.0_05\jre\bin\msvcr100.dll
0x6d300000 - 0x6d64a000 	C:\Program Files (x86)\Java\jdk1.7.0_05\jre\bin\client\jvm.dll
0x71c00000 - 0x71c07000 	C:\Windows\system32\WSOCK32.dll
0x763f0000 - 0x76425000 	C:\Windows\syswow64\WS2_32.dll
0x76a20000 - 0x76a26000 	C:\Windows\syswow64\NSI.dll
0x75270000 - 0x752a2000 	C:\Windows\system32\WINMM.dll
0x764b0000 - 0x764b5000 	C:\Windows\syswow64\PSAPI.DLL
0x72b50000 - 0x72b5c000 	C:\Program Files (x86)\Java\jdk1.7.0_05\jre\bin\verify.dll
0x6fee0000 - 0x6ff00000 	C:\Program Files (x86)\Java\jdk1.7.0_05\jre\bin\java.dll
0x6f440000 - 0x6f46a000 	C:\Program Files (x86)\Java\jdk1.7.0_05\jre\bin\jdwp.dll
0x6fdf0000 - 0x6fdf7000 	C:\Program Files (x86)\Java\jdk1.7.0_05\jre\bin\npt.dll
0x6fec0000 - 0x6fed3000 	C:\Program Files (x86)\Java\jdk1.7.0_05\jre\bin\zip.dll
0x6fde0000 - 0x6fde8000 	C:\Program Files (x86)\Java\jdk1.7.0_05\jre\bin\dt_socket.dll
0x71c10000 - 0x71c4c000 	C:\Windows\system32\mswsock.dll
0x72b60000 - 0x72b65000 	C:\Windows\System32\wshtcpip.dll
0x6fea0000 - 0x6feb4000 	C:\Program Files (x86)\Java\jdk1.7.0_05\jre\bin\net.dll
0x72b70000 - 0x72b76000 	C:\Windows\System32\wship6.dll
0x6fe90000 - 0x6fe9f000 	C:\Program Files (x86)\Java\jdk1.7.0_05\jre\bin\nio.dll
0x197e0000 - 0x1ac47000 	C:\Users\re-dboatswain\dream\DreamEOCFIHandler\windows_target\classes\libraries\WINDOWS\JCfiLib.dll
0x00520000 - 0x00535000 	C:\Program Files\Java\jre7\bin\pthreadVC2.dll
0x75150000 - 0x751f3000 	C:\Windows\WinSxS\x86_microsoft.vc90.crt_1fc8b3b9a1e18e3b_9.0.30729.6161_none_50934f2ebcb7eb57\MSVCR90.dll
0x1ae20000 - 0x1cc10000 	C:\Users\re-dboatswain\dream\DreamEOCFIHandler\windows_target\classes\libraries\WINDOWS\JCfiOrbit.dll
0x1cc10000 - 0x1fba4000 	C:\Users\re-dboatswain\dream\DreamEOCFIHandler\windows_target\classes\libraries\WINDOWS\JCfiVisibility.dll
0x1fbb0000 - 0x21c54000 	C:\Users\re-dboatswain\dream\DreamEOCFIHandler\windows_target\classes\libraries\WINDOWS\JCfiPointing.dll
0x6f430000 - 0x6f43e000 	C:\Windows\WinSxS\x86_microsoft.vc90.openmp_1fc8b3b9a1e18e3b_9.0.30729.6161_none_80ba6c811e9b4aff\VCOMP90.DLL
0x21c60000 - 0x22332000 	C:\Users\re-dboatswain\dream\DreamEOCFIHandler\windows_target\classes\libraries\WINDOWS\JCfiDataHandling.dll
0x6f340000 - 0x6f42b000 	C:\Windows\system32\dbghelp.dll

VM Arguments:
jvm_args: -Djava.library.path=C:\Users\re-dboatswain\dream\DreamEOCFIHandler\windows_target\classes\libraries\WINDOWS -Xdebug -Xrunjdwp:transport=dt_socket,server=n,address=49394 
java_command: C:\Users\re-dboatswain\dream\DreamEOCFIHandler\windows_target\surefire\surefirebooter1624461135295737557.jar C:\Users\re-dboatswain\dream\DreamEOCFIHandler\windows_target\surefire\surefire5334530639099820177tmp C:\Users\re-dboatswain\dream\DreamEOCFIHandler\windows_target\surefire\surefire7310998914275766333tmp
Launcher Type: SUN_STANDARD

Environment Variables:
JAVA_HOME=C:\Program Files (x86)\Java\jdk1.7.0_05
JRE_HOME=C:\Program Files\Java\jre7
PATH=C:\Windows\system32;C:\Windows;C:\Windows\System32\Wbem;C:\Windows\System32\WindowsPowerShell\v1.0\;C:\tomcat\webapps\cesium-master\Tools\apache-ant-1.8.2\bin;C:\apache-cxf\bin;C:\axis2\bin;C:\tomcat\bin;C:\Program Files\Java\jdk1.7.0_05\bin;C:\Program Files\Java\jre7\bin;C:\maven\bin;C:\xmlbeans\bin;C:\Program Files\doxygen\bin;C:\Program Files (x86)\Liquid Technologies\Liquid XML Studio 2011\XmlDataBinder9\Redist9\cpp\win32\bin;C:\jboss-as-7.1.1.Final\bin;C:\Program Files\Oracle\VirtualBox;C:\apache-maven-3.0.4-bin\apache-maven-3.0.4;C:\Program Files\TortoiseSVN\bin
USERNAME=re-dboatswain
OS=Windows_NT
PROCESSOR_IDENTIFIER=Intel64 Family 6 Model 42 Stepping 7, GenuineIntel



---------------  S Y S T E M  ---------------

OS: Windows 7 , 64 bit Build 7601 Service Pack 1

CPU:total 4 (2 cores per cpu, 2 threads per core) family 6 model 42 stepping 7, cmov, cx8, fxsr, mmx, sse, sse2, sse3, ssse3, sse4.1, sse4.2, popcnt, avx, ht, tsc, tscinvbit

Memory: 4k page, physical 6238064k(3799016k free), swap 12474272k(9535704k free)

vm_info: Java HotSpot(TM) Client VM (23.1-b03) for windows-x86 JRE (1.7.0_05-b05), built on May 15 2012 18:11:27 by "java_re" with unknown MS VC++:1600

time: Tue Oct 15 10:01:17 2013
elapsed time: 112 seconds

